<?xml version="1.0" encoding="UTF-8"?>
<!-- Generated by org.testng.reporters.JUnitReportReporter -->
<testsuite hostname="LAPTOP-401LER1A" failures="0" tests="1" name="testCases.TC001_AccountRegistrationTest" time="1.688" errors="0" timestamp="2025-07-17T10:03:03 IST" skipped="0">
  <testcase classname="testCases.TC001_AccountRegistrationTest" name="registrationPageTest" time="1.688"/>
  <system-out/>
</testsuite> <!-- testCases.TC001_AccountRegistrationTest -->
