<?xml version="1.0" encoding="UTF-8"?>
<!-- Generated by org.testng.reporters.JUnitReportReporter -->
<testsuite hostname="LAPTOP-401LER1A" failures="0" tests="4" name="testCases.TC003_LoginTestDDT" time="43.368" errors="0" timestamp="2025-07-17T10:03:03 IST" skipped="0">
  <testcase classname="testCases.TC003_LoginTestDDT" name="verify_LoginDDT" time="11.190"/>
  <system-out/>
  <testcase classname="testCases.TC003_LoginTestDDT" name="verify_LoginDDT" time="11.187"/>
  <system-out/>
  <testcase classname="testCases.TC003_LoginTestDDT" name="verify_LoginDDT" time="10.440"/>
  <system-out/>
  <testcase classname="testCases.TC003_LoginTestDDT" name="verify_LoginDDT" time="10.551"/>
  <system-out/>
</testsuite> <!-- testCases.TC003_LoginTestDDT -->
