<?xml version="1.0" encoding="UTF-8"?>
<!-- Generated by org.testng.reporters.JUnitReportReporter -->
<testsuite hostname="LAPTOP-401LER1A" failures="0" tests="1" name="testCases.TC002_LoginPageTest" time="1.927" errors="0" timestamp="2025-07-22T10:35:20 IST" skipped="0">
  <testcase classname="testCases.TC002_LoginPageTest" name="verify_Login" time="1.927"/>
  <system-out/>
</testsuite> <!-- testCases.TC002_LoginPageTest -->
