<?xml version="1.0" encoding="UTF-8"?>
<!-- Generated by org.testng.reporters.JUnitReportReporter -->
<testsuite hostname="LAPTOP-401LER1A" failures="0" tests="1" name="testCases.TC001_AccountRegistrationTest" time="2.274" errors="0" timestamp="2025-03-17T18:41:59 IST" skipped="0">
  <testcase classname="testCases.TC001_AccountRegistrationTest" name="registrationPageTest" time="2.274"/>
  <system-out/>
</testsuite> <!-- testCases.TC001_AccountRegistrationTest -->
